  [1m[35m (0.1ms)[0m  [1m[35mDROP DATABASE IF EXISTS "project_development"[0m
  [1m[35m (5005.6ms)[0m  [1m[35mDROP DATABASE IF EXISTS "project_test"[0m
  [1m[35m (0.1ms)[0m  [1m[35mDROP DATABASE IF EXISTS "project_development"[0m
  [1m[35m (110.5ms)[0m  [1m[35mDROP DATABASE IF EXISTS "project_test"[0m
  [1m[35m (0.1ms)[0m  [1m[35mDROP DATABASE IF EXISTS "project_development"[0m
  [1m[35m (110.6ms)[0m  [1m[35mDROP DATABASE IF EXISTS "project_test"[0m
  [1m[35m (1472.2ms)[0m  [1m[35mCREATE DATABASE "project_development" ENCODING = 'unicode'[0m
  [1m[35m (1390.2ms)[0m  [1m[35mCREATE DATABASE "project_test" ENCODING = 'unicode'[0m
  [1m[35mSQL (2.2ms)[0m  [1m[35mCREATE EXTENSION IF NOT EXISTS "plpgsql"[0m
  [1m[35m (0.8ms)[0m  [1m[35mDROP TABLE IF EXISTS "events" CASCADE[0m
  [1m[35m (40.2ms)[0m  [1m[35mCREATE TABLE "events" ("id" bigserial primary key, "title" character varying, "price" character varying, "time" character varying, "place" character varying, "description" character varying)[0m
  [1m[35m (0.6ms)[0m  [1m[35mDROP TABLE IF EXISTS "friends" CASCADE[0m
  [1m[35m (9.5ms)[0m  [1m[35mCREATE TABLE "friends" ("id" bigserial primary key, "user_id" bigint, "friend_id" bigint)[0m
  [1m[35m (5.1ms)[0m  [1m[35mCREATE  INDEX  "index_friends_on_user_id" ON "friends"  ("user_id")[0m
  [1m[35m (0.2ms)[0m  [1m[35mDROP TABLE IF EXISTS "participants" CASCADE[0m
  [1m[35m (10.1ms)[0m  [1m[35mCREATE TABLE "participants" ("id" bigserial primary key, "user_id" bigint, "event_id" bigint, "role_id" bigint)[0m
  [1m[35m (5.7ms)[0m  [1m[35mCREATE  INDEX  "index_participants_on_event_id" ON "participants"  ("event_id")[0m
  [1m[35m (6.4ms)[0m  [1m[35mCREATE  INDEX  "index_participants_on_role_id" ON "participants"  ("role_id")[0m
  [1m[35m (6.0ms)[0m  [1m[35mCREATE  INDEX  "index_participants_on_user_id" ON "participants"  ("user_id")[0m
  [1m[35m (0.3ms)[0m  [1m[35mDROP TABLE IF EXISTS "pictures" CASCADE[0m
  [1m[35m (16.6ms)[0m  [1m[35mCREATE TABLE "pictures" ("id" bigserial primary key, "event_id" bigint, "url" character varying)[0m
  [1m[35m (8.2ms)[0m  [1m[35mCREATE  INDEX  "index_pictures_on_event_id" ON "pictures"  ("event_id")[0m
  [1m[35m (0.3ms)[0m  [1m[35mDROP TABLE IF EXISTS "roles" CASCADE[0m
  [1m[35m (17.8ms)[0m  [1m[35mCREATE TABLE "roles" ("id" bigserial primary key, "name" character varying)[0m
  [1m[35m (0.4ms)[0m  [1m[35mDROP TABLE IF EXISTS "users" CASCADE[0m
  [1m[35m (18.1ms)[0m  [1m[35mCREATE TABLE "users" ("id" bigserial primary key, "name" character varying, "email" character varying, "password" character varying, "display_url" character varying)[0m
  [1m[35m (0.4ms)[0m  [1m[35mDROP TABLE IF EXISTS "videos" CASCADE[0m
  [1m[35m (14.9ms)[0m  [1m[35mCREATE TABLE "videos" ("id" bigserial primary key, "event_id" bigint, "url" character varying)[0m
  [1m[35m (6.1ms)[0m  [1m[35mCREATE  INDEX  "index_videos_on_event_id" ON "videos"  ("event_id")[0m
  [1m[35m (16.2ms)[0m  [1m[35mCREATE TABLE "schema_migrations" ("version" character varying NOT NULL PRIMARY KEY)[0m
  [1m[35m (1.6ms)[0m  [1m[34mSELECT "schema_migrations"."version" FROM "schema_migrations" ORDER BY "schema_migrations"."version" ASC[0m
  [1m[35m (3.9ms)[0m  [1m[32mINSERT INTO "schema_migrations" (version) VALUES (20200131201303)[0m
  [1m[35m (11.8ms)[0m  [1m[35mCREATE TABLE "ar_internal_metadata" ("key" character varying NOT NULL PRIMARY KEY, "value" character varying, "created_at" timestamp(6) NOT NULL, "updated_at" timestamp(6) NOT NULL)[0m
  [1m[36mActiveRecord::InternalMetadata Load (1.2ms)[0m  [1m[34mSELECT "ar_internal_metadata".* FROM "ar_internal_metadata" WHERE "ar_internal_metadata"."key" = $1 LIMIT $2[0m  [["key", "environment"], ["LIMIT", 1]]
  [1m[35m (0.2ms)[0m  [1m[35mBEGIN[0m
  [1m[36mActiveRecord::InternalMetadata Create (1.2ms)[0m  [1m[32mINSERT INTO "ar_internal_metadata" ("key", "value", "created_at", "updated_at") VALUES ($1, $2, $3, $4) RETURNING "key"[0m  [["key", "environment"], ["value", "development"], ["created_at", "2020-02-14 19:30:49.612571"], ["updated_at", "2020-02-14 19:30:49.612571"]]
  [1m[35m (1.8ms)[0m  [1m[35mCOMMIT[0m
  [1m[36mActiveRecord::InternalMetadata Load (0.3ms)[0m  [1m[34mSELECT "ar_internal_metadata".* FROM "ar_internal_metadata" WHERE "ar_internal_metadata"."key" = $1 LIMIT $2[0m  [["key", "environment"], ["LIMIT", 1]]
  [1m[36mActiveRecord::InternalMetadata Load (0.3ms)[0m  [1m[34mSELECT "ar_internal_metadata".* FROM "ar_internal_metadata" WHERE "ar_internal_metadata"."key" = $1 LIMIT $2[0m  [["key", "schema_sha1"], ["LIMIT", 1]]
  [1m[35m (0.2ms)[0m  [1m[35mBEGIN[0m
  [1m[36mActiveRecord::InternalMetadata Create (0.5ms)[0m  [1m[32mINSERT INTO "ar_internal_metadata" ("key", "value", "created_at", "updated_at") VALUES ($1, $2, $3, $4) RETURNING "key"[0m  [["key", "schema_sha1"], ["value", "2168cd9d7e1b7b6cb82d001f7e7b17d0c88164e2"], ["created_at", "2020-02-14 19:30:49.625435"], ["updated_at", "2020-02-14 19:30:49.625435"]]
  [1m[35m (1.9ms)[0m  [1m[35mCOMMIT[0m
  [1m[35mSQL (1.6ms)[0m  [1m[35mCREATE EXTENSION IF NOT EXISTS "plpgsql"[0m
  [1m[35m (0.3ms)[0m  [1m[35mDROP TABLE IF EXISTS "events" CASCADE[0m
  [1m[35m (34.0ms)[0m  [1m[35mCREATE TABLE "events" ("id" bigserial primary key, "title" character varying, "price" character varying, "time" character varying, "place" character varying, "description" character varying)[0m
  [1m[35m (0.3ms)[0m  [1m[35mDROP TABLE IF EXISTS "friends" CASCADE[0m
  [1m[35m (13.0ms)[0m  [1m[35mCREATE TABLE "friends" ("id" bigserial primary key, "user_id" bigint, "friend_id" bigint)[0m
  [1m[35m (9.3ms)[0m  [1m[35mCREATE  INDEX  "index_friends_on_user_id" ON "friends"  ("user_id")[0m
  [1m[35m (0.3ms)[0m  [1m[35mDROP TABLE IF EXISTS "participants" CASCADE[0m
  [1m[35m (12.6ms)[0m  [1m[35mCREATE TABLE "participants" ("id" bigserial primary key, "user_id" bigint, "event_id" bigint, "role_id" bigint)[0m
  [1m[35m (6.1ms)[0m  [1m[35mCREATE  INDEX  "index_participants_on_event_id" ON "participants"  ("event_id")[0m
  [1m[35m (6.1ms)[0m  [1m[35mCREATE  INDEX  "index_participants_on_role_id" ON "participants"  ("role_id")[0m
  [1m[35m (5.6ms)[0m  [1m[35mCREATE  INDEX  "index_participants_on_user_id" ON "participants"  ("user_id")[0m
  [1m[35m (0.3ms)[0m  [1m[35mDROP TABLE IF EXISTS "pictures" CASCADE[0m
  [1m[35m (14.2ms)[0m  [1m[35mCREATE TABLE "pictures" ("id" bigserial primary key, "event_id" bigint, "url" character varying)[0m
  [1m[35m (6.0ms)[0m  [1m[35mCREATE  INDEX  "index_pictures_on_event_id" ON "pictures"  ("event_id")[0m
  [1m[35m (0.2ms)[0m  [1m[35mDROP TABLE IF EXISTS "roles" CASCADE[0m
  [1m[35m (18.0ms)[0m  [1m[35mCREATE TABLE "roles" ("id" bigserial primary key, "name" character varying)[0m
  [1m[35m (0.4ms)[0m  [1m[35mDROP TABLE IF EXISTS "users" CASCADE[0m
  [1m[35m (18.6ms)[0m  [1m[35mCREATE TABLE "users" ("id" bigserial primary key, "name" character varying, "email" character varying, "password" character varying, "display_url" character varying)[0m
  [1m[35m (0.3ms)[0m  [1m[35mDROP TABLE IF EXISTS "videos" CASCADE[0m
  [1m[35m (19.0ms)[0m  [1m[35mCREATE TABLE "videos" ("id" bigserial primary key, "event_id" bigint, "url" character varying)[0m
  [1m[35m (9.6ms)[0m  [1m[35mCREATE  INDEX  "index_videos_on_event_id" ON "videos"  ("event_id")[0m
  [1m[35m (12.4ms)[0m  [1m[35mCREATE TABLE "schema_migrations" ("version" character varying NOT NULL PRIMARY KEY)[0m
  [1m[35m (1.2ms)[0m  [1m[34mSELECT "schema_migrations"."version" FROM "schema_migrations" ORDER BY "schema_migrations"."version" ASC[0m
  [1m[35m (2.7ms)[0m  [1m[32mINSERT INTO "schema_migrations" (version) VALUES (20200131201303)[0m
  [1m[35m (12.2ms)[0m  [1m[35mCREATE TABLE "ar_internal_metadata" ("key" character varying NOT NULL PRIMARY KEY, "value" character varying, "created_at" timestamp(6) NOT NULL, "updated_at" timestamp(6) NOT NULL)[0m
  [1m[36mActiveRecord::InternalMetadata Load (1.1ms)[0m  [1m[34mSELECT "ar_internal_metadata".* FROM "ar_internal_metadata" WHERE "ar_internal_metadata"."key" = $1 LIMIT $2[0m  [["key", "environment"], ["LIMIT", 1]]
  [1m[35m (0.2ms)[0m  [1m[35mBEGIN[0m
  [1m[36mActiveRecord::InternalMetadata Create (0.8ms)[0m  [1m[32mINSERT INTO "ar_internal_metadata" ("key", "value", "created_at", "updated_at") VALUES ($1, $2, $3, $4) RETURNING "key"[0m  [["key", "environment"], ["value", "development"], ["created_at", "2020-02-14 19:30:49.946993"], ["updated_at", "2020-02-14 19:30:49.946993"]]
  [1m[35m (2.0ms)[0m  [1m[35mCOMMIT[0m
  [1m[36mActiveRecord::InternalMetadata Load (0.3ms)[0m  [1m[34mSELECT "ar_internal_metadata".* FROM "ar_internal_metadata" WHERE "ar_internal_metadata"."key" = $1 LIMIT $2[0m  [["key", "environment"], ["LIMIT", 1]]
  [1m[35m (0.2ms)[0m  [1m[35mBEGIN[0m
  [1m[36mActiveRecord::InternalMetadata Update (0.5ms)[0m  [1m[33mUPDATE "ar_internal_metadata" SET "value" = $1, "updated_at" = $2 WHERE "ar_internal_metadata"."key" = $3[0m  [["value", "test"], ["updated_at", "2020-02-14 19:30:49.956938"], ["key", "environment"]]
  [1m[35m (1.9ms)[0m  [1m[35mCOMMIT[0m
  [1m[36mActiveRecord::InternalMetadata Load (0.3ms)[0m  [1m[34mSELECT "ar_internal_metadata".* FROM "ar_internal_metadata" WHERE "ar_internal_metadata"."key" = $1 LIMIT $2[0m  [["key", "schema_sha1"], ["LIMIT", 1]]
  [1m[35m (0.2ms)[0m  [1m[35mBEGIN[0m
  [1m[36mActiveRecord::InternalMetadata Create (0.3ms)[0m  [1m[32mINSERT INTO "ar_internal_metadata" ("key", "value", "created_at", "updated_at") VALUES ($1, $2, $3, $4) RETURNING "key"[0m  [["key", "schema_sha1"], ["value", "2168cd9d7e1b7b6cb82d001f7e7b17d0c88164e2"], ["created_at", "2020-02-14 19:30:49.965660"], ["updated_at", "2020-02-14 19:30:49.965660"]]
  [1m[35m (1.9ms)[0m  [1m[35mCOMMIT[0m
  [1m[35m (1.2ms)[0m  [1m[34mSELECT "schema_migrations"."version" FROM "schema_migrations" ORDER BY "schema_migrations"."version" ASC[0m
  [1m[35m (1.1ms)[0m  [1m[34mSELECT pg_try_advisory_lock(279088437195799245)[0m
  [1m[35m (2.0ms)[0m  [1m[34mSELECT "schema_migrations"."version" FROM "schema_migrations" ORDER BY "schema_migrations"."version" ASC[0m
Migrating to ChangeUrlToVideoInVideo (20200214201637)
  [1m[35m (0.7ms)[0m  [1m[35mBEGIN[0m
  [1m[35m (7.9ms)[0m  [1m[35mALTER TABLE "videos" ALTER COLUMN "video" TYPE character varying[0m
  [1m[35m (0.2ms)[0m  [1m[31mROLLBACK[0m
  [1m[35m (0.4ms)[0m  [1m[34mSELECT pg_advisory_unlock(279088437195799245)[0m
  [1m[35m (0.3ms)[0m  [1m[34mSELECT pg_try_advisory_lock(279088437195799245)[0m
  [1m[35m (1.6ms)[0m  [1m[34mSELECT "schema_migrations"."version" FROM "schema_migrations" ORDER BY "schema_migrations"."version" ASC[0m
Migrating to ChangeUrlToVideoInVideo (20200214201637)
  [1m[35m (0.9ms)[0m  [1m[35mBEGIN[0m
  [1m[35m (4.7ms)[0m  [1m[35mALTER TABLE "videos" RENAME COLUMN "url" TO "video"[0m
  [1m[36mprimary::SchemaMigration Create (3.0ms)[0m  [1m[32mINSERT INTO "schema_migrations" ("version") VALUES ($1) RETURNING "version"[0m  [["version", "20200214201637"]]
  [1m[35m (4.3ms)[0m  [1m[35mCOMMIT[0m
  [1m[36mActiveRecord::InternalMetadata Load (1.8ms)[0m  [1m[34mSELECT "ar_internal_metadata".* FROM "ar_internal_metadata" WHERE "ar_internal_metadata"."key" = $1 LIMIT $2[0m  [["key", "environment"], ["LIMIT", 1]]
  [1m[35m (0.4ms)[0m  [1m[34mSELECT pg_advisory_unlock(279088437195799245)[0m
  [1m[35m (1.3ms)[0m  [1m[34mSELECT "schema_migrations"."version" FROM "schema_migrations" ORDER BY "schema_migrations"."version" ASC[0m
  [1m[35m (1.1ms)[0m  [1m[34mSELECT pg_try_advisory_lock(279088437195799245)[0m
  [1m[35m (2.1ms)[0m  [1m[34mSELECT "schema_migrations"."version" FROM "schema_migrations" ORDER BY "schema_migrations"."version" ASC[0m
Migrating to ChangeUrlToPictureInPicture (20200214202210)
  [1m[35m (0.6ms)[0m  [1m[35mBEGIN[0m
  [1m[35m (5.2ms)[0m  [1m[35mALTER TABLE "pictures" RENAME COLUMN "url" TO "picture"[0m
  [1m[36mprimary::SchemaMigration Create (2.5ms)[0m  [1m[32mINSERT INTO "schema_migrations" ("version") VALUES ($1) RETURNING "version"[0m  [["version", "20200214202210"]]
  [1m[35m (5.1ms)[0m  [1m[35mCOMMIT[0m
  [1m[36mActiveRecord::InternalMetadata Load (1.9ms)[0m  [1m[34mSELECT "ar_internal_metadata".* FROM "ar_internal_metadata" WHERE "ar_internal_metadata"."key" = $1 LIMIT $2[0m  [["key", "environment"], ["LIMIT", 1]]
  [1m[35m (0.3ms)[0m  [1m[34mSELECT pg_advisory_unlock(279088437195799245)[0m
  [1m[35m (1.8ms)[0m  [1m[34mSELECT "schema_migrations"."version" FROM "schema_migrations" ORDER BY "schema_migrations"."version" ASC[0m
  [1m[35m (2.1ms)[0m  [1m[34mSELECT "schema_migrations"."version" FROM "schema_migrations" ORDER BY "schema_migrations"."version" ASC[0m
  [1m[35m (1.5ms)[0m  [1m[34mSELECT "ar_internal_metadata"."value" FROM "ar_internal_metadata" WHERE "ar_internal_metadata"."key" = $1[0m  [["key", "environment"]]
  [1m[35m (0.4ms)[0m  [1m[34mSELECT "schema_migrations"."version" FROM "schema_migrations" ORDER BY "schema_migrations"."version" ASC[0m
  [1m[35m (1.2ms)[0m  [1m[34mSELECT "ar_internal_metadata"."value" FROM "ar_internal_metadata" WHERE "ar_internal_metadata"."key" = $1[0m  [["key", "environment"]]
  [1m[35m (0.3ms)[0m  [1m[34mSELECT "schema_migrations"."version" FROM "schema_migrations" ORDER BY "schema_migrations"."version" ASC[0m
  [1m[35m (0.3ms)[0m  [1m[34mSELECT "ar_internal_metadata"."value" FROM "ar_internal_metadata" WHERE "ar_internal_metadata"."key" = $1[0m  [["key", "environment"]]
  [1m[35m (381.6ms)[0m  [1m[35mDROP DATABASE IF EXISTS "project_development"[0m
  [1m[35m (460.6ms)[0m  [1m[35mDROP DATABASE IF EXISTS "project_test"[0m
  [1m[35m (1397.1ms)[0m  [1m[35mCREATE DATABASE "project_development" ENCODING = 'unicode'[0m
  [1m[35m (1363.7ms)[0m  [1m[35mCREATE DATABASE "project_test" ENCODING = 'unicode'[0m
  [1m[35m (50.4ms)[0m  [1m[35mCREATE TABLE "schema_migrations" ("version" character varying NOT NULL PRIMARY KEY)[0m
  [1m[35m (20.7ms)[0m  [1m[35mCREATE TABLE "ar_internal_metadata" ("key" character varying NOT NULL PRIMARY KEY, "value" character varying, "created_at" timestamp(6) NOT NULL, "updated_at" timestamp(6) NOT NULL)[0m
  [1m[35m (0.3ms)[0m  [1m[34mSELECT pg_try_advisory_lock(279088437195799245)[0m
  [1m[35m (1.5ms)[0m  [1m[34mSELECT "schema_migrations"."version" FROM "schema_migrations" ORDER BY "schema_migrations"."version" ASC[0m
Migrating to CreateUsers (20200214203005)
  [1m[35m (0.2ms)[0m  [1m[35mBEGIN[0m
  [1m[35m (25.7ms)[0m  [1m[35mCREATE TABLE "users" ("id" bigserial primary key, "name" character varying, "email" character varying, "password" character varying, "portrait" character varying, "created_at" timestamp(6) NOT NULL, "updated_at" timestamp(6) NOT NULL)[0m
  [1m[36mprimary::SchemaMigration Create (1.2ms)[0m  [1m[32mINSERT INTO "schema_migrations" ("version") VALUES ($1) RETURNING "version"[0m  [["version", "20200214203005"]]
  [1m[35m (2.4ms)[0m  [1m[35mCOMMIT[0m
Migrating to CreateEvents (20200214203415)
  [1m[35m (0.5ms)[0m  [1m[34mSELECT pg_advisory_unlock(279088437195799245)[0m
  [1m[35m (0.3ms)[0m  [1m[34mSELECT pg_try_advisory_lock(279088437195799245)[0m
  [1m[35m (2.2ms)[0m  [1m[34mSELECT "schema_migrations"."version" FROM "schema_migrations" ORDER BY "schema_migrations"."version" ASC[0m
Migrating to CreateEvents (20200214203415)
  [1m[35m (0.4ms)[0m  [1m[35mBEGIN[0m
  [1m[35m (36.5ms)[0m  [1m[35mCREATE TABLE "events" ("id" bigserial primary key, "title" character varying, "price" decimal(6,2), "time" date, "place" character varying, "description" text, "created_at" timestamp(6) NOT NULL, "updated_at" timestamp(6) NOT NULL)[0m
  [1m[36mprimary::SchemaMigration Create (1.0ms)[0m  [1m[32mINSERT INTO "schema_migrations" ("version") VALUES ($1) RETURNING "version"[0m  [["version", "20200214203415"]]
  [1m[35m (4.6ms)[0m  [1m[35mCOMMIT[0m
Migrating to CreateRoles (20200214203612)
  [1m[35m (0.3ms)[0m  [1m[35mBEGIN[0m
  [1m[35m (22.0ms)[0m  [1m[35mCREATE TABLE "roles" ("id" bigserial primary key, "name" character varying, "created_at" timestamp(6) NOT NULL, "updated_at" timestamp(6) NOT NULL)[0m
  [1m[36mprimary::SchemaMigration Create (0.4ms)[0m  [1m[32mINSERT INTO "schema_migrations" ("version") VALUES ($1) RETURNING "version"[0m  [["version", "20200214203612"]]
  [1m[35m (3.8ms)[0m  [1m[35mCOMMIT[0m
Migrating to CreatePictures (20200214203701)
  [1m[35m (0.3ms)[0m  [1m[35mBEGIN[0m
  [1m[35m (39.0ms)[0m  [1m[35mCREATE TABLE "pictures" ("id" bigserial primary key, "event_id" bigint NOT NULL, "picture" character varying, "created_at" timestamp(6) NOT NULL, "updated_at" timestamp(6) NOT NULL, CONSTRAINT "fk_rails_b23d81da14"
FOREIGN KEY ("event_id")
  REFERENCES "events" ("id")
)[0m
  [1m[35m (6.0ms)[0m  [1m[35mCREATE  INDEX  "index_pictures_on_event_id" ON "pictures"  ("event_id")[0m
  [1m[36mprimary::SchemaMigration Create (0.3ms)[0m  [1m[32mINSERT INTO "schema_migrations" ("version") VALUES ($1) RETURNING "version"[0m  [["version", "20200214203701"]]
  [1m[35m (2.3ms)[0m  [1m[35mCOMMIT[0m
Migrating to CreateVideos (20200214203730)
  [1m[35m (0.6ms)[0m  [1m[35mBEGIN[0m
  [1m[35m (23.2ms)[0m  [1m[35mCREATE TABLE "videos" ("id" bigserial primary key, "event_id" bigint NOT NULL, "video" character varying, "created_at" timestamp(6) NOT NULL, "updated_at" timestamp(6) NOT NULL, CONSTRAINT "fk_rails_7ebce950d2"
FOREIGN KEY ("event_id")
  REFERENCES "events" ("id")
)[0m
  [1m[35m (6.9ms)[0m  [1m[35mCREATE  INDEX  "index_videos_on_event_id" ON "videos"  ("event_id")[0m
  [1m[36mprimary::SchemaMigration Create (0.3ms)[0m  [1m[32mINSERT INTO "schema_migrations" ("version") VALUES ($1) RETURNING "version"[0m  [["version", "20200214203730"]]
  [1m[35m (2.1ms)[0m  [1m[35mCOMMIT[0m
Migrating to CreateParticipants (20200214203849)
  [1m[35m (0.3ms)[0m  [1m[35mBEGIN[0m
  [1m[35m (14.5ms)[0m  [1m[35mCREATE TABLE "participants" ("id" bigserial primary key, "user_id" bigint NOT NULL, "event_id" bigint NOT NULL, "role_id" bigint NOT NULL, "created_at" timestamp(6) NOT NULL, "updated_at" timestamp(6) NOT NULL, CONSTRAINT "fk_rails_b9a3c50f15"
FOREIGN KEY ("user_id")
  REFERENCES "users" ("id")
, CONSTRAINT "fk_rails_277582be2b"
FOREIGN KEY ("event_id")
  REFERENCES "events" ("id")
)[0m
  [1m[35m (7.7ms)[0m  [1m[35mCREATE  INDEX  "index_participants_on_user_id" ON "participants"  ("user_id")[0m
  [1m[35m (8.0ms)[0m  [1m[35mCREATE  INDEX  "index_participants_on_event_id" ON "participants"  ("event_id")[0m
  [1m[35m (8.6ms)[0m  [1m[35mCREATE  INDEX  "index_participants_on_role_id" ON "participants"  ("role_id")[0m
  [1m[36mprimary::SchemaMigration Create (0.4ms)[0m  [1m[32mINSERT INTO "schema_migrations" ("version") VALUES ($1) RETURNING "version"[0m  [["version", "20200214203849"]]
  [1m[35m (3.8ms)[0m  [1m[35mCOMMIT[0m
  [1m[36mActiveRecord::InternalMetadata Load (3.2ms)[0m  [1m[34mSELECT "ar_internal_metadata".* FROM "ar_internal_metadata" WHERE "ar_internal_metadata"."key" = $1 LIMIT $2[0m  [["key", "environment"], ["LIMIT", 1]]
  [1m[35m (0.2ms)[0m  [1m[35mBEGIN[0m
  [1m[36mActiveRecord::InternalMetadata Create (2.5ms)[0m  [1m[32mINSERT INTO "ar_internal_metadata" ("key", "value", "created_at", "updated_at") VALUES ($1, $2, $3, $4) RETURNING "key"[0m  [["key", "environment"], ["value", "development"], ["created_at", "2020-02-14 20:45:26.620281"], ["updated_at", "2020-02-14 20:45:26.620281"]]
  [1m[35m (3.4ms)[0m  [1m[35mCOMMIT[0m
  [1m[35m (0.4ms)[0m  [1m[34mSELECT pg_advisory_unlock(279088437195799245)[0m
  [1m[35m (2.0ms)[0m  [1m[34mSELECT "schema_migrations"."version" FROM "schema_migrations" ORDER BY "schema_migrations"."version" ASC[0m
